2020-04-02T14:36:39+00:00 CRITICAL Uncaught Error: Call to a member function have_posts() on null in W:\domains\wordpress\wp-content\themes\classiera\search.php:586
Stack trace:
#0 W:\domains\wordpress\wp-includes\template-loader.php(98): include()
#1 W:\domains\wordpress\wp-blog-header.php(19): require_once('W:\\domains\\word...')
#2 W:\domains\wordpress\index.php(17): require('W:\\domains\\word...')
#3 {main}
  thrown в W:\domains\wordpress\wp-content\themes\classiera\search.php на строке 586

2020-04-02T18:38:27+00:00 CRITICAL Uncaught Error: Call to a member function have_posts() on null in W:\domains\wordpress\wp-content\themes\classiera\search.php:580
Stack trace:
#0 W:\domains\wordpress\wp-includes\template-loader.php(98): include()
#1 W:\domains\wordpress\wp-blog-header.php(19): require_once('W:\\domains\\word...')
#2 W:\domains\wordpress\index.php(17): require('W:\\domains\\word...')
#3 {main}
  thrown в W:\domains\wordpress\wp-content\themes\classiera\search.php на строке 580

2020-04-02T18:39:37+00:00 CRITICAL syntax error, unexpected ',' в W:\domains\wordpress\wp-content\themes\classiera\search.php на строке 569

2020-04-02T18:40:15+00:00 CRITICAL syntax error, unexpected ',' в W:\domains\wordpress\wp-content\themes\classiera\search.php на строке 569

2020-04-02T18:48:56+00:00 CRITICAL Uncaught Error: Call to a member function have_posts() on null in W:\domains\wordpress\wp-content\themes\classiera\search.php:586
Stack trace:
#0 W:\domains\wordpress\wp-includes\template-loader.php(98): include()
#1 W:\domains\wordpress\wp-blog-header.php(19): require_once('W:\\domains\\word...')
#2 W:\domains\wordpress\index.php(17): require('W:\\domains\\word...')
#3 {main}
  thrown в W:\domains\wordpress\wp-content\themes\classiera\search.php на строке 586

2020-04-02T22:04:11+00:00 CRITICAL syntax error, unexpected 'echo' (T_ECHO), expecting ',' or ';' в W:\domains\wordpress\wp-content\themes\classiera\inc\classiera-ajax.php на строке 988

2020-04-02T22:13:27+00:00 CRITICAL Uncaught Error: Function name must be a string in W:\domains\wordpress\wp-content\themes\classiera\inc\classiera-ajax.php:964
Stack trace:
#0 W:\domains\wordpress\wp-includes\class-wp-hook.php(288): classiera_adv_search_customfields('')
#1 W:\domains\wordpress\wp-includes\class-wp-hook.php(312): WP_Hook->apply_filters('', Array)
#2 W:\domains\wordpress\wp-includes\plugin.php(478): WP_Hook->do_action(Array)
#3 W:\domains\wordpress\wp-admin\admin-ajax.php(175): do_action('wp_ajax_classie...')
#4 {main}
  thrown в W:\domains\wordpress\wp-content\themes\classiera\inc\classiera-ajax.php на строке 964

2020-04-02T22:13:32+00:00 CRITICAL Uncaught Error: Function name must be a string in W:\domains\wordpress\wp-content\themes\classiera\inc\classiera-ajax.php:964
Stack trace:
#0 W:\domains\wordpress\wp-includes\class-wp-hook.php(288): classiera_adv_search_customfields('')
#1 W:\domains\wordpress\wp-includes\class-wp-hook.php(312): WP_Hook->apply_filters('', Array)
#2 W:\domains\wordpress\wp-includes\plugin.php(478): WP_Hook->do_action(Array)
#3 W:\domains\wordpress\wp-admin\admin-ajax.php(175): do_action('wp_ajax_classie...')
#4 {main}
  thrown в W:\domains\wordpress\wp-content\themes\classiera\inc\classiera-ajax.php на строке 964

2020-04-02T22:13:36+00:00 CRITICAL Uncaught Error: Function name must be a string in W:\domains\wordpress\wp-content\themes\classiera\inc\classiera-ajax.php:964
Stack trace:
#0 W:\domains\wordpress\wp-includes\class-wp-hook.php(288): classiera_adv_search_customfields('')
#1 W:\domains\wordpress\wp-includes\class-wp-hook.php(312): WP_Hook->apply_filters('', Array)
#2 W:\domains\wordpress\wp-includes\plugin.php(478): WP_Hook->do_action(Array)
#3 W:\domains\wordpress\wp-admin\admin-ajax.php(175): do_action('wp_ajax_classie...')
#4 {main}
  thrown в W:\domains\wordpress\wp-content\themes\classiera\inc\classiera-ajax.php на строке 964

2020-04-02T22:15:49+00:00 CRITICAL Uncaught Error: Function name must be a string in W:\domains\wordpress\wp-content\themes\classiera\inc\classiera-ajax.php:964
Stack trace:
#0 W:\domains\wordpress\wp-includes\class-wp-hook.php(288): classiera_adv_search_customfields('')
#1 W:\domains\wordpress\wp-includes\class-wp-hook.php(312): WP_Hook->apply_filters('', Array)
#2 W:\domains\wordpress\wp-includes\plugin.php(478): WP_Hook->do_action(Array)
#3 W:\domains\wordpress\wp-admin\admin-ajax.php(175): do_action('wp_ajax_classie...')
#4 {main}
  thrown в W:\domains\wordpress\wp-content\themes\classiera\inc\classiera-ajax.php на строке 964

2020-04-02T22:15:52+00:00 CRITICAL Uncaught Error: Function name must be a string in W:\domains\wordpress\wp-content\themes\classiera\inc\classiera-ajax.php:964
Stack trace:
#0 W:\domains\wordpress\wp-includes\class-wp-hook.php(288): classiera_adv_search_customfields('')
#1 W:\domains\wordpress\wp-includes\class-wp-hook.php(312): WP_Hook->apply_filters('', Array)
#2 W:\domains\wordpress\wp-includes\plugin.php(478): WP_Hook->do_action(Array)
#3 W:\domains\wordpress\wp-admin\admin-ajax.php(175): do_action('wp_ajax_classie...')
#4 {main}
  thrown в W:\domains\wordpress\wp-content\themes\classiera\inc\classiera-ajax.php на строке 964

2020-04-02T22:28:38+00:00 CRITICAL Uncaught Error: Function name must be a string in W:\domains\wordpress\wp-content\themes\classiera\inc\classiera-ajax.php:964
Stack trace:
#0 W:\domains\wordpress\wp-includes\class-wp-hook.php(288): classiera_adv_search_customfields('')
#1 W:\domains\wordpress\wp-includes\class-wp-hook.php(312): WP_Hook->apply_filters('', Array)
#2 W:\domains\wordpress\wp-includes\plugin.php(478): WP_Hook->do_action(Array)
#3 W:\domains\wordpress\wp-admin\admin-ajax.php(175): do_action('wp_ajax_classie...')
#4 {main}
  thrown в W:\domains\wordpress\wp-content\themes\classiera\inc\classiera-ajax.php на строке 964

2020-04-02T22:28:38+00:00 CRITICAL Uncaught Error: Function name must be a string in W:\domains\wordpress\wp-content\themes\classiera\inc\classiera-ajax.php:964
Stack trace:
#0 W:\domains\wordpress\wp-includes\class-wp-hook.php(288): classiera_adv_search_customfields('')
#1 W:\domains\wordpress\wp-includes\class-wp-hook.php(312): WP_Hook->apply_filters('', Array)
#2 W:\domains\wordpress\wp-includes\plugin.php(478): WP_Hook->do_action(Array)
#3 W:\domains\wordpress\wp-admin\admin-ajax.php(175): do_action('wp_ajax_classie...')
#4 {main}
  thrown в W:\domains\wordpress\wp-content\themes\classiera\inc\classiera-ajax.php на строке 964

2020-04-02T22:28:45+00:00 CRITICAL Uncaught Error: Function name must be a string in W:\domains\wordpress\wp-content\themes\classiera\inc\classiera-ajax.php:964
Stack trace:
#0 W:\domains\wordpress\wp-includes\class-wp-hook.php(288): classiera_adv_search_customfields('')
#1 W:\domains\wordpress\wp-includes\class-wp-hook.php(312): WP_Hook->apply_filters('', Array)
#2 W:\domains\wordpress\wp-includes\plugin.php(478): WP_Hook->do_action(Array)
#3 W:\domains\wordpress\wp-admin\admin-ajax.php(175): do_action('wp_ajax_classie...')
#4 {main}
  thrown в W:\domains\wordpress\wp-content\themes\classiera\inc\classiera-ajax.php на строке 964

2020-04-02T22:29:22+00:00 CRITICAL Uncaught Error: Function name must be a string in W:\domains\wordpress\wp-content\themes\classiera\inc\classiera-ajax.php:964
Stack trace:
#0 W:\domains\wordpress\wp-includes\class-wp-hook.php(288): classiera_adv_search_customfields('')
#1 W:\domains\wordpress\wp-includes\class-wp-hook.php(312): WP_Hook->apply_filters('', Array)
#2 W:\domains\wordpress\wp-includes\plugin.php(478): WP_Hook->do_action(Array)
#3 W:\domains\wordpress\wp-admin\admin-ajax.php(175): do_action('wp_ajax_classie...')
#4 {main}
  thrown в W:\domains\wordpress\wp-content\themes\classiera\inc\classiera-ajax.php на строке 964

2020-04-02T22:29:28+00:00 CRITICAL Uncaught Error: Function name must be a string in W:\domains\wordpress\wp-content\themes\classiera\inc\classiera-ajax.php:964
Stack trace:
#0 W:\domains\wordpress\wp-includes\class-wp-hook.php(288): classiera_adv_search_customfields('')
#1 W:\domains\wordpress\wp-includes\class-wp-hook.php(312): WP_Hook->apply_filters('', Array)
#2 W:\domains\wordpress\wp-includes\plugin.php(478): WP_Hook->do_action(Array)
#3 W:\domains\wordpress\wp-admin\admin-ajax.php(175): do_action('wp_ajax_classie...')
#4 {main}
  thrown в W:\domains\wordpress\wp-content\themes\classiera\inc\classiera-ajax.php на строке 964

